<?xml version="1.0" encoding="UTF-8"?>
<testsuite xmlns:xsi="http://www.w3.org/2001/XMLSchema-instance" xsi:noNamespaceSchemaLocation="https://maven.apache.org/surefire/maven-surefire-plugin/xsd/surefire-test-report.xsd" version="3.0.2" name="MainTest" time="0.122" tests="2" errors="0" skipped="0" failures="0">
  <properties>
[...]
</properties>
  <testcase name="Test1" classname="MainTest" time="0.016">
    <system-out><![CDATA[2026-05-06 14:01:30 [main] INFO  org.test.Main - Dữ liệu: Data1 giá trị: 100
]]></system-out>
  </testcase>
  <testcase name="Test2" classname="MainTest" time="0.001">
    <system-out><![CDATA[2026-05-06 14:01:30 [main] INFO  org.test.Main - Dữ liệu: Data2 giá trị: -22
2026-05-06 14:01:30 [main] ERROR org.test.Main - Xảy ra lỗi khi xử lý Data2: Giá trị không hợp lệ
]]></system-out>
  </testcase>
</testsuite>